[0mGET / [32m200[0m 166.240 ms - 25431[0m
[0mGET / [31m500[0m 147.536 ms - 1092[0m
[0mGET / [32m200[0m 75.015 ms - 15546[0m
[0mGET /favicon.ico [33m404[0m 14.865 ms - 150[0m
[0mGET / [36m304[0m 72.155 ms - -[0m
[0mGET / [36m304[0m 83.098 ms - -[0m
[0mGET / [36m304[0m 82.330 ms - -[0m
[0mGET / [36m304[0m 194.789 ms - -[0m
[0mGET / [36m304[0m 56.539 ms - -[0m
[0mGET / [36m304[0m 167.137 ms - -[0m
[0mGET / [36m304[0m 119.551 ms - -[0m
[0mGET / [36m304[0m 85.454 ms - -[0m
[0mGET / [36m304[0m 120.392 ms - -[0m
[0mGET / [36m304[0m 116.717 ms - -[0m
[0mGET /favicon.ico [33m404[0m 17.238 ms - 150[0m
[0mGET / [36m304[0m 43.189 ms - -[0m
[0mGET / [36m304[0m 41.496 ms - -[0m
[0mGET / [36m304[0m 39.494 ms - -[0m
[0mGET / [36m304[0m 76.865 ms - -[0m
[0mGET / [36m304[0m 40.648 ms - -[0m
[0mGET / [36m304[0m 70.688 ms - -[0m
[0mGET / [36m304[0m 38.907 ms - -[0m
[0mGET / [36m304[0m 33.501 ms - -[0m
[0mGET / [36m304[0m 39.165 ms - -[0m
[0mGET / [36m304[0m 43.587 ms - -[0m
[0mGET / [36m304[0m 42.446 ms - -[0m
[0mGET / [36m304[0m 35.858 ms - -[0m
[0mGET / [36m304[0m 39.187 ms - -[0m
[0mGET / [36m304[0m 41.315 ms - -[0m
[0mGET / [36m304[0m 71.083 ms - -[0m
[0mGET / [32m200[0m 177.558 ms - 15546[0m
[0mGET /favicon.ico [33m404[0m 6.534 ms - 150[0m
[0mGET / [32m200[0m 39.700 ms - 15546[0m
[0mGET / [36m304[0m 80.692 ms - -[0m
[0mGET /users/login [32m200[0m 8.113 ms - 6247[0m
[0mGET /users/style/login.css [33m404[0m 10.755 ms - 160[0m
[0mGET /users/style/login.css [33m404[0m 5.043 ms - 160[0m
[0mPOST /users/login [36m302[0m 14.043 ms - 46[0m
[0mGET / [32m200[0m 51.773 ms - 26064[0m
[0mGET /users/profile/63b4b4aad141d4be7f1705e0 [32m200[0m 11.750 ms - 4242[0m
[0mGET / [32m200[0m 47.559 ms - 25663[0m
[0mGET / [32m200[0m 57.884 ms - 15546[0m
[0mGET /users/login [32m200[0m 18.926 ms - 6247[0m
[0mGET /users/style/login.css [33m404[0m 8.445 ms - 160[0m
[0mGET /users/style/login.css [33m404[0m 4.987 ms - 160[0m
[0mPOST /users/login [36m302[0m 18.135 ms - 46[0m
[0mGET / [32m200[0m 72.337 ms - 26064[0m
[0mGET / [32m200[0m 90.066 ms - 25663[0m
[0mPOST /posts/create [32m200[0m 44.283 ms - 270[0m
[0mGET /likes/toggle/?id=64313189cb5e8b6568e9d68b&type=Post [32m200[0m 32.785 ms - 57[0m
[0mGET /likes/toggle/?id=64313189cb5e8b6568e9d68b&type=Post [32m200[0m 25.029 ms - 56[0m
[0mGET /likes/toggle/?id=64313189cb5e8b6568e9d68b&type=Post [32m200[0m 27.048 ms - 57[0m
[0mGET /likes/toggle/?id=64313189cb5e8b6568e9d68b&type=Post [32m200[0m 20.703 ms - 56[0m
[0mGET /likes/toggle/?id=64313189cb5e8b6568e9d68b&type=Post [32m200[0m 24.709 ms - 57[0m
[0mGET /likes/toggle/?id=64313189cb5e8b6568e9d68b&type=Post [32m200[0m 23.541 ms - 56[0m
[0mGET /likes/toggle/?id=64313189cb5e8b6568e9d68b&type=Post [32m200[0m 20.371 ms - 57[0m
[0mGET / [32m200[0m 88.522 ms - 26870[0m
[0mGET /public/assets/css/layout.css [33m404[0m 13.057 ms - 167[0m
[0mGET /assets/css/layout.j [33m404[0m 5.572 ms - 158[0m
[0mGET / [32m200[0m 146.279 ms - 26870[0m
[0mGET /%3C%%20assetPath('css/layout.css')%20%%3E [33m404[0m 5.764 ms - 196[0m
[0mGET /'%3C%%20assetPath('css/layout.css')%20%%3E' [33m404[0m 6.566 ms - 206[0m
[0mGET /'%7BassetPath('css/layout.css')%20%7D' [33m404[0m 4.140 ms - 193[0m
[0mGET /%7BassetPath('css/layout.css')%20%7D [33m404[0m 5.833 ms - 183[0m
[0mGET / [36m304[0m 131.025 ms - -[0m
[0mGET / [36m304[0m 84.635 ms - -[0m
[0mGET / [36m304[0m 85.641 ms - -[0m
[0mGET / [36m304[0m 63.300 ms - -[0m
[0mGET / [36m304[0m 102.370 ms - -[0m
[0mGET / [32m200[0m 97.158 ms - 26870[0m
[0mGET /favicon.ico [33m404[0m 11.401 ms - 150[0m
[0mGET / [31m500[0m 171.124 ms - 1907[0m
[0mGET / [32m200[0m 168.868 ms - 16186[0m
[0mGET /users/login [32m200[0m 20.361 ms - 6350[0m
[0mGET /users/style/login.css [33m404[0m 10.886 ms - 160[0m
[0mGET /users/style/login.css [33m404[0m 9.100 ms - 160[0m
[0mPOST /users/login [36m302[0m 20.461 ms - 46[0m
[0mGET / [32m200[0m 95.170 ms - 27374[0m
[0mGET / [32m200[0m 153.216 ms - 26962[0m
[0mGET / [36m304[0m 80.085 ms - -[0m
[0mGET / [36m304[0m 94.280 ms - -[0m
[0mGET / [36m304[0m 154.329 ms - -[0m
[0mGET / [36m304[0m 215.595 ms - -[0m
[0mGET / [36m304[0m 166.040 ms - -[0m
[0mGET / [36m304[0m 169.554 ms - -[0m
[0mGET / [32m200[0m 155.654 ms - 26879[0m
[0mGET /favicon.ico [33m404[0m 14.108 ms - 150[0m
[0mGET / [32m200[0m 107.180 ms - 26879[0m
[0mGET /favicon.ico [33m404[0m 17.820 ms - 150[0m
[0mGET / [32m200[0m 85.950 ms - 26879[0m
[0mGET /favicon.ico [33m404[0m 8.954 ms - 150[0m
[0mGET / [32m200[0m 67.438 ms - 26879[0m
[0mGET /favicon.ico [33m404[0m 7.216 ms - 150[0m
[0mGET / [36m304[0m 106.959 ms - -[0m
[0mGET / [32m200[0m 103.734 ms - 26888[0m
[0mGET / [36m304[0m 162.495 ms - -[0m
[0mGET / [36m304[0m 129.728 ms - -[0m
[0mGET / [36m304[0m 178.827 ms - -[0m
[0mGET / [36m304[0m 171.545 ms - -[0m
[0mGET / [36m304[0m 142.277 ms - -[0m
[0mGET / [31m500[0m 116.935 ms - 1359[0m
[0mGET / [31m500[0m 87.812 ms - 1359[0m
[0mGET / [31m500[0m 117.370 ms - 1359[0m
[0mGET / [31m500[0m 78.822 ms - 1359[0m
[0mGET / [31m500[0m 78.502 ms - 1359[0m
[0mGET / [31m500[0m 88.746 ms - 1359[0m
[0mGET / [31m500[0m 79.544 ms - 1359[0m
[0mGET / [31m500[0m 144.252 ms - 1359[0m
[0mGET / [31m500[0m 89.221 ms - 1359[0m
[0mGET / [31m500[0m 89.247 ms - 1359[0m
[0mGET / [31m500[0m 90.277 ms - 1359[0m
[0mGET / [31m500[0m 93.390 ms - 1359[0m
[0mGET / [31m500[0m 159.482 ms - 1359[0m
[0mGET / [31m500[0m 103.870 ms - 1359[0m
[0mGET / [31m500[0m 90.310 ms - 1359[0m
[0mGET / [31m500[0m 95.903 ms - 1359[0m
[0mGET / [31m500[0m 106.221 ms - 1359[0m
[0mGET / [31m500[0m 95.350 ms - 1359[0m
[0mGET / [31m500[0m 120.981 ms - 1359[0m
[0mGET / [31m500[0m 58.778 ms - 1359[0m
[0mGET / [31m500[0m 58.839 ms - 1359[0m
[0mGET / [31m500[0m 62.740 ms - 1359[0m
[0mGET / [31m500[0m 60.964 ms - 1359[0m
[0mGET / [31m500[0m 72.637 ms - 1359[0m
[0mGET / [31m500[0m 52.733 ms - 1359[0m
[0mGET / [31m500[0m 46.347 ms - 1359[0m
[0mGET / [31m500[0m 70.062 ms - 1359[0m
[0mGET / [31m500[0m 108.712 ms - 1359[0m
[0mGET / [32m200[0m 99.457 ms - 15851[0m
[0mGET /favicon.ico [33m404[0m 5.696 ms - 150[0m
[0mGET / [32m200[0m 62.610 ms - 16132[0m
[0mGET / [36m304[0m 73.254 ms - -[0m
[0mGET / [36m304[0m 92.679 ms - -[0m
[0mGET /users/login [32m200[0m 18.426 ms - 6296[0m
[0mGET /users/js/jquery-3.6.1.js [33m404[0m 9.609 ms - 163[0m
[0mGET /users/style/login.css [33m404[0m 22.577 ms - 160[0m
[0mGET /users/js/header.js [33m404[0m 27.346 ms - 157[0m
[0mGET /users/style/login.css [33m404[0m 5.659 ms - 160[0m
[0mPOST /users/login [36m302[0m 32.010 ms - 46[0m
[0mGET / [32m200[0m 106.668 ms - 27320[0m
[0mGET / [32m200[0m 89.290 ms - 16132[0m
[0mGET /favicon.ico [33m404[0m 4.410 ms - 150[0m
