[0mGET / [32m200[0m 259.452 ms - 16132[0m
[0mGET /favicon.ico [33m404[0m 18.420 ms - 150[0m
[0mGET / [36m304[0m 77.230 ms - -[0m
[0mGET /users/login [32m200[0m 11.391 ms - 6296[0m
[0mGET /users/js/jquery-3.6.1.js [33m404[0m 8.908 ms - 163[0m
[0mGET /users/style/login.css [33m404[0m 14.183 ms - 160[0m
[0mGET /users/js/header.js [33m404[0m 36.213 ms - 157[0m
[0mGET /users/js/jquery-3.6.1.js [33m404[0m 3.988 ms - 163[0m
[0mGET /users/js/header.js [33m404[0m 3.440 ms - 157[0m
[0mGET /users/style/login.css [33m404[0m 4.501 ms - 160[0m
[0mGET /users/login [32m200[0m 9.705 ms - 6296[0m
[0mPOST /users/login [36m302[0m 8.917 ms - 68[0m
[0mGET /users/login [32m200[0m 7.647 ms - 6597[0m
[0mGET /users/js/jquery-3.6.1.js [33m404[0m 11.554 ms - 163[0m
[0mGET /users/js/header.js [33m404[0m 15.963 ms - 157[0m
[0mGET /users/style/login.css [33m404[0m 17.652 ms - 160[0m
[0mGET /users/js/jquery-3.6.1.js [33m404[0m 5.353 ms - 163[0m
[0mGET /users/js/header.js [33m404[0m 4.426 ms - 157[0m
[0mGET /users/style/login.css [33m404[0m 6.438 ms - 160[0m
[0mPOST /users/login [36m302[0m 16.413 ms - 46[0m
[0mGET / [32m200[0m 81.298 ms - 27320[0m
[0mGET / [32m200[0m 66.328 ms - 16132[0m
[0mGET /favicon.ico [33m404[0m 2.380 ms - 150[0m
[0mGET / [32m200[0m 96.924 ms - 26919[0m
[0mGET / [32m200[0m 290.099 ms - 16132[0m
[0mGET /users/register [32m200[0m 22.716 ms - 8678[0m
[0mGET /users/js/jquery-3.6.1.js [33m404[0m 15.564 ms - 163[0m
[0mGET /users/js/header.js [33m404[0m 33.419 ms - 157[0m
[0mGET /users/js/jquery-3.6.1.js [33m404[0m 5.574 ms - 163[0m
[0mGET /users/js/header.js [33m404[0m 4.284 ms - 157[0m
[0mGET /users/login [32m200[0m 12.908 ms - 6296[0m
[0mGET /users/js/jquery-3.6.1.js [33m404[0m 10.918 ms - 163[0m
[0mGET /users/js/header.js [33m404[0m 15.406 ms - 157[0m
[0mGET /users/style/login.css [33m404[0m 8.455 ms - 160[0m
[0mGET /users/js/jquery-3.6.1.js [33m404[0m 12.802 ms - 163[0m
[0mGET /users/js/header.js [33m404[0m 5.167 ms - 157[0m
[0mGET /users/style/login.css [33m404[0m 5.643 ms - 160[0m
[0mGET /users/auth/google [36m302[0m 7.541 ms - 0[0m
[0mGET / [36m304[0m 178.698 ms - -[0m
[0mGET /users/register [36m304[0m 25.765 ms - -[0m
[0mGET /users/js/jquery-3.6.1.js [33m404[0m 14.626 ms - 163[0m
[0mGET /users/js/header.js [33m404[0m 31.622 ms - 157[0m
[0mGET /users/js/jquery-3.6.1.js [33m404[0m 5.759 ms - 163[0m
[0mGET /users/js/header.js [33m404[0m 6.905 ms - 157[0m
[0mGET /users/register [36m304[0m 17.807 ms - -[0m
[0mGET /users/js/jquery-3.6.1.js [33m404[0m 7.360 ms - 163[0m
[0mGET /users/js/header.js [33m404[0m 13.610 ms - 157[0m
[0mGET /users/js/jquery-3.6.1.js [33m404[0m 5.032 ms - 163[0m
[0mGET /users/js/header.js [33m404[0m 8.012 ms - 157[0m
[0mGET /users/login [36m304[0m 11.518 ms - -[0m
[0mGET /users/js/jquery-3.6.1.js [33m404[0m 6.836 ms - 163[0m
[0mGET /users/js/header.js [33m404[0m 12.934 ms - 157[0m
[0mGET /users/style/login.css [33m404[0m 9.568 ms - 160[0m
[0mGET /users/js/jquery-3.6.1.js [33m404[0m 4.360 ms - 163[0m
[0mGET /users/js/header.js [33m404[0m 5.731 ms - 157[0m
[0mGET /users/style/login.css [33m404[0m 4.671 ms - 160[0m
[0mGET / [32m200[0m 101.876 ms - 16132[0m
[0mGET /favicon.ico [33m404[0m 6.600 ms - 150[0m
[0mGET /users/login [32m200[0m 8.763 ms - 6296[0m
[0mGET /users/js/jquery-3.6.1.js [33m404[0m 14.088 ms - 163[0m
[0mGET /users/js/header.js [33m404[0m 5.688 ms - 157[0m
[0mGET /users/style/login.css [33m404[0m 20.776 ms - 160[0m
[0mGET / [36m304[0m 52.762 ms - -[0m
[0mGET /users/login [36m304[0m 5.369 ms - -[0m
[0mGET /users/js/jquery-3.6.1.js [33m404[0m 5.428 ms - 163[0m
[0mGET /users/js/header.js [33m404[0m 15.114 ms - 157[0m
[0mGET /users/style/login.css [33m404[0m 5.912 ms - 160[0m
[0mGET /users/js/jquery-3.6.1.js [33m404[0m 5.541 ms - 163[0m
[0mGET /users/js/header.js [33m404[0m 3.890 ms - 157[0m
[0mGET /users/style/login.css [33m404[0m 2.496 ms - 160[0m
[0mGET /users/auth/google [36m302[0m 3.965 ms - 0[0m
[0mGET /users/auth/google [36m302[0m 3.431 ms - 0[0m
[0mGET /users/auth/google [36m302[0m 2.300 ms - 0[0m
[0mGET /users/login [36m304[0m 7.103 ms - -[0m
[0mGET /users/js/jquery-3.6.1.js [33m404[0m 5.013 ms - 163[0m
[0mGET /users/js/header.js [33m404[0m 9.896 ms - 157[0m
[0mGET /users/style/login.css [33m404[0m 4.292 ms - 160[0m
[0mGET /users/js/jquery-3.6.1.js [33m404[0m 3.482 ms - 163[0m
[0mGET /users/js/header.js [33m404[0m 2.472 ms - 157[0m
[0mGET /users/style/login.css [33m404[0m 3.054 ms - 160[0m
[0mGET /users/auth/google [36m302[0m 2.080 ms - 0[0m
[0mGET / [36m304[0m 136.300 ms - -[0m
[0mGET /users/login [36m304[0m 10.739 ms - -[0m
[0mGET /users/js/jquery-3.6.1.js [33m404[0m 11.697 ms - 163[0m
[0mGET /users/js/header.js [33m404[0m 9.609 ms - 157[0m
[0mGET /users/style/login.css [33m404[0m 6.753 ms - 160[0m
[0mGET /users/style/login.css [33m404[0m 4.063 ms - 160[0m
[0mGET /users/login [36m304[0m 22.781 ms - -[0m
[0mGET /users/js/jquery-3.6.1.js [33m404[0m 8.740 ms - 163[0m
[0mGET /users/style/login.css [33m404[0m 16.732 ms - 160[0m
[0mGET /users/js/header.js [33m404[0m 35.554 ms - 157[0m
[0mGET /users/ [33m404[0m 3.889 ms - 145[0m
[0mGET / [36m304[0m 82.456 ms - -[0m
[0mGET / [36m304[0m 51.915 ms - -[0m
[0mGET /users/login [36m304[0m 5.183 ms - -[0m
[0mGET /users/js/jquery-3.6.1.js [33m404[0m 8.355 ms - 163[0m
[0mGET /users/js/header.js [33m404[0m 15.858 ms - 157[0m
[0mGET /users/style/login.css [33m404[0m 4.865 ms - 160[0m
[0mGET /users/js/jquery-3.6.1.js [33m404[0m 3.321 ms - 163[0m
[0mGET /users/js/header.js [33m404[0m 4.446 ms - 157[0m
[0mGET /users/style/login.css [33m404[0m 2.568 ms - 160[0m
[0mGET /users/auth/google [36m302[0m 3.632 ms - 0[0m
[0mGET / [36m304[0m 101.510 ms - -[0m
[0mGET /users/login [36m304[0m 8.549 ms - -[0m
[0mGET /users/style/login.css [33m404[0m 9.066 ms - 160[0m
[0mGET /users/js/header.js [33m404[0m 25.490 ms - 157[0m
[0mGET /users/js/jquery-3.6.1.js [33m404[0m 14.242 ms - 163[0m
[0mGET /users/js/jquery-3.6.1.js [33m404[0m 3.601 ms - 163[0m
[0mGET /users/js/header.js [33m404[0m 3.107 ms - 157[0m
[0mGET /users/style/login.css [33m404[0m 3.548 ms - 160[0m
[0mGET /users/auth/google [36m302[0m 7.439 ms - 0[0m
[0mGET / [36m304[0m 58.378 ms - -[0m
[0mGET /users/login [36m304[0m 5.798 ms - -[0m
[0mGET /users/js/jquery-3.6.1.js [33m404[0m 7.706 ms - 163[0m
[0mGET /users/js/header.js [33m404[0m 9.186 ms - 157[0m
[0mGET /users/style/login.css [33m404[0m 15.163 ms - 160[0m
[0mGET /users/js/jquery-3.6.1.js [33m404[0m 5.545 ms - 163[0m
[0mGET /users/js/header.js [33m404[0m 4.159 ms - 157[0m
[0mGET /users/style/login.css [33m404[0m 2.975 ms - 160[0m
[0mGET /users/auth/google [36m302[0m 3.520 ms - 0[0m
[0mGET /users/auth/google/callback?code=4%2F0AVHEtk4iwxE-Lf4yhXjLPaupC9cS9Hte5kEixClqs8Pnj3EY9RfJl0VAZuFCQSkuN-Cvrw&scope=email+profile+https%3A%2F%2Fwww.googleapis.com%2Fauth%2Fuserinfo.profile+https%3A%2F%2Fwww.googleapis.com%2Fauth%2Fuserinfo.email+openid&authuser=0&prompt=consent [36m302[0m 587.885 ms - 46[0m
[0mGET / [32m200[0m 64.862 ms - 27320[0m
[0mGET /users/auth/google [36m302[0m 3.948 ms - 0[0m
[0mGET / [36m304[0m 84.549 ms - -[0m
[0mGET /users/login [36m304[0m 7.909 ms - -[0m
[0mGET /users/js/jquery-3.6.1.js [33m404[0m 11.537 ms - 163[0m
[0mGET /users/style/login.css [33m404[0m 13.670 ms - 160[0m
[0mGET /users/js/header.js [33m404[0m 26.671 ms - 157[0m
[0mGET /users/style/login.css [33m404[0m 2.535 ms - 160[0m
[0mGET /users/auth/google [36m302[0m 8.202 ms - 0[0m
[0mGET /users/auth/google/callback?code=4%2F0AVHEtk6ZgNEb9oQ9vlAM2ksEyv6Lr7XO4JgrNTNFytVspk_awdUm5eP9nadl9i0w9UH5Wg&scope=email+profile+https%3A%2F%2Fwww.googleapis.com%2Fauth%2Fuserinfo.profile+https%3A%2F%2Fwww.googleapis.com%2Fauth%2Fuserinfo.email+openid&authuser=0&prompt=consent [36m302[0m 546.644 ms - 46[0m
[0mGET / [32m200[0m 71.085 ms - 27320[0m
[0mGET / [32m200[0m 78.617 ms - 26919[0m
[0mGET /users/logout [36m302[0m 14.933 ms - 46[0m
[0mGET / [32m200[0m 43.117 ms - 16529[0m
[0mGET /users/login [36m304[0m 6.833 ms - -[0m
[0mGET /users/js/jquery-3.6.1.js [33m404[0m 8.744 ms - 163[0m
[0mGET /users/js/header.js [33m404[0m 10.713 ms - 157[0m
[0mGET /users/style/login.css [33m404[0m 13.669 ms - 160[0m
[0mGET /users/style/login.css [33m404[0m 2.478 ms - 160[0m
[0mGET /users/auth/google [36m302[0m 4.517 ms - 0[0m
[0mGET /users/auth/google/callback?code=4%2F0AVHEtk7euPyedVfFvbtW5zoktuSgwY91hNbW7Jw8qwFVTYcxW_G3uRCOJVVdnRSpOG5YEA&scope=email+profile+https%3A%2F%2Fwww.googleapis.com%2Fauth%2Fuserinfo.profile+https%3A%2F%2Fwww.googleapis.com%2Fauth%2Fuserinfo.email+openid&authuser=3&prompt=consent [36m302[0m 539.875 ms - 46[0m
[0mGET / [32m200[0m 39.739 ms - 24562[0m
[0mGET / [32m200[0m 175.271 ms - 24161[0m
[0mGET /favicon.ico [33m404[0m 9.625 ms - 150[0m
[0mGET /auth/google/callback?code=4%2F0AVHEtk7J6L-vxmgSJtheERxma580deJVVMsuIIrd0rKcs0L0GNf3KrPOuAKPxR6CkguppQ&scope=email+profile+https%3A%2F%2Fwww.googleapis.com%2Fauth%2Fuserinfo.profile+https%3A%2F%2Fwww.googleapis.com%2Fauth%2Fuserinfo.email+openid&authuser=0&prompt=consent [33m404[0m 10.093 ms - 159[0m
[0mGET /auth/google/callback?code=4%2F0AVHEtk7E0MbEN53CulPeKEj1piiH-2b4cBipkD0t_YMMilvpX4NM-87qNsYog4pJDprcAQ&scope=email+profile+https%3A%2F%2Fwww.googleapis.com%2Fauth%2Fuserinfo.profile+https%3A%2F%2Fwww.googleapis.com%2Fauth%2Fuserinfo.email+openid&authuser=0&prompt=consent [33m404[0m 22.612 ms - 159[0m
[0mGET / [32m200[0m 243.646 ms - 16132[0m
[0mGET /favicon.ico [33m404[0m 15.663 ms - 150[0m
[0mGET / [32m200[0m 182.035 ms - 16671[0m
[0mGET /favicon.ico [33m404[0m 13.371 ms - 150[0m
[0mGET /users/login [32m200[0m 14.089 ms - 6296[0m
[0mGET /users/js/jquery-3.6.1.js [33m404[0m 15.660 ms - 163[0m
[0mGET /users/js/header.js [33m404[0m 6.489 ms - 157[0m
[0mGET /users/style/login.css [33m404[0m 21.615 ms - 160[0m
[0mGET /users/auth/google [36m302[0m 6.801 ms - 0[0m
[0mGET /users/auth/google [36m302[0m 4.433 ms - 0[0m
[0mGET /users/login [36m304[0m 15.912 ms - -[0m
[0mGET /users/js/jquery-3.6.1.js [33m404[0m 25.703 ms - 163[0m
[0mGET /users/js/header.js [33m404[0m 23.983 ms - 157[0m
[0mGET /users/style/login.css [33m404[0m 32.073 ms - 160[0m
[0mGET /users/auth/google [36m302[0m 4.605 ms - 0[0m
[0mGET /users/auth/google/callback?code=4%2F0AbUR2VNyBHmuGxDg3CRBBaO2shXutLd_7DVy-GT1JFPjky5D9u3z0pyXxwfpJwKUqPy5vA&scope=email+profile+https%3A%2F%2Fwww.googleapis.com%2Fauth%2Fuserinfo.profile+https%3A%2F%2Fwww.googleapis.com%2Fauth%2Fuserinfo.email+openid&authuser=3&prompt=consent [36m302[0m 514.357 ms - 46[0m
[0mGET / [32m200[0m 77.595 ms - 25630[0m
